make.exe all --print-data-base --no-builtin-variables --no-builtin-rules --question
# GNU Make 3.80
# Copyright (C) 2002  Free Software Foundation, Inc.
# This is free software; see the source for copying conditions.
# There is NO warranty; not even for MERCHANTABILITY or FITNESS FOR A
# PARTICULAR PURPOSE.
 

# Make data base, printed on Mon Jun 13 08:35:17 2022

# Variables

# automatic
<D = $(patsubst %/,%,$(dir $<))
# automatic
?F = $(notdir $?)
# environment
CARBON_MEM_DISABLE = 1
# makefile
MAKEFLAGS = Rrqp
# environment
VSCODE_LOG_NATIVE = false
# automatic
?D = $(patsubst %/,%,$(dir $?))
# environment
PLATFORMIO_IDE = 2.4.3
# automatic
@D = $(patsubst %/,%,$(dir $@))
# environment
HOMEDRIVE = C:
# automatic
@F = $(notdir $@)
# automatic
^D = $(patsubst %/,%,$(dir $^))
# default
CURDIR := c:/Users/sjoerd/Documents/platformio/Projects/ledstrip
# default
SHELL := sh.exe
# environment
CLION = C:\Program Files\JetBrains\CLion 2022.1\bin;
# environment
WINDIR = C:\WINDOWS
# environment
VSCODE_NLS_CONFIG = {"locale":"en-us","availableLanguages":{},"_languagePackSupport":true}
# environment
ONEDRIVE = C:\Users\sjoerd\OneDrive
# makefile (from `makefile', line 1)
pio = '/root/.platformio/penv/bin/pio'
# environment
WALLABY_PRODUCTION = true
# environment
PATHEXT = .COM;.EXE;.BAT;.CMD;.VBS;.VBE;.JS;.JSE;.WSF;.WSH;.MSC
# makefile (from `makefile', line 1)
MAKEFILE_LIST :=  makefile
# environment
FPS_BROWSER_USER_PROFILE_STRING = Default
# environment
TMP = C:\Users\sjoerd\AppData\Local\Temp
# environment
VSCODE_VERBOSE_LOGGING = true
# environment
PROGRAMW6432 = C:\Program Files
# environment
PROGRAMDATA = C:\ProgramData
# environment
VSCODE_IPC_HOOK_EXTHOST = \\.\pipe\vscode-ipc-e12b97e6-3d83-4aab-bb94-15a421ad499d-sock
# environment
VSCODE_CWD = C:\Users\sjoerd\AppData\Local\Programs\Microsoft VS Code
# environment
NO_PROXY = 127.0.0.1
# environment
SW_SIM_HYDRA = C:\Program Files\Common Files\SolidWorks Shared\Simulation Worker Agent\
# environment
COMMONPROGRAMW6432 = C:\Program Files\Common Files
# environment
ZES_ENABLE_SYSMAN = 1
# environment
CHOCOLATEYLASTPATHUPDATE = 132935398550304960
# environment
PROCESSOR_ARCHITECTURE = x86
# environment
USERPROFILE = C:\Users\sjoerd
# environment
CHOCOLATEYINSTALL = C:\ProgramData\chocolatey
# environment
ALLUSERSPROFILE = C:\ProgramData
# environment
VSCODE_LOG_STACK = fa 
lse
# environment
NUMBER_OF_PROCESSORS = 12
# environment
ELECTRON_RUN_AS_NODE = 1
# automatic
%F = $(notdir $%)
# environment
CHROME_CRASHPAD_PIPE_NAME = \\.\pipe\crashpad_24708_PQTIMHRFTYQHZGAE
# environment
VSCODE_PIPE_LOGGING = true
# environment
COMPUTERNAME = MAAKHUIS
# environment
PROGRAMFILES = C:\Program Files (x86)
# environment
DRIVERDATA = C:\Windows\System32\Drivers\DriverData
# environment
ORIGINAL_XDG_CURRENT_DESKTOP = undefined
# environment
USERNAME = sjoerd
# environment
PUBLIC = C:\Users\Public
# environment
VSCODE_AMD_ENTRYPOINT = vs/workbench/api/node/extensionHostProcess
# environment
CHOCOLATEYTOOLSLOCATION = C:\tools
# environment
VSCODE_CODE_CACHE_PATH = C:\Users\sjoerd\AppData\Roaming\Code\CachedData\c3511e6c69bb39013c4a4b7b9566ec1ca73fc4d5
# environment
APPLICATION_INSIGHTS_NO_DIAGNOSTIC_CHANNEL = 1
# environment
COMMONPROGRAMFILES = C:\Program Files (x86)\Common Files
# environment
LOGONSERVER = \\MAAKHUIS
# environment
VSCODE_HANDLES_UNCAUGHT_ERRORS = true
# environment
USERDOMAIN = MAAKHUIS
# environment
PLATFORMIO_PATH = C:\Users\sjoerd\.platformio\python3;C:\Program Files\Lapce\;C:\Program Files (x86)\VMware\VMware Workstation\bin\;C:\Program Files\Common Files\Oracle\Java\javapath;c:\MinGW\bin\;C:\Program Files (x86)\Common Files\Oracle\Java\javapath;C:\WINDOWS\system32;C:\WINDOWS;C:\WINDOWS\System32\Wbem;C:\WINDOWS\System32\WindowsPowerShell\v1.0\;C:\WINDOWS\System32\OpenSSH\;C:\Program Files\Git\cmd;C:\Program Files\dotnet\;C:\Program Files\NVIDIA Corporation\NVIDIA NvDLISR;C:\Program Files (x86)\Windows Kits\8.1\Windows Performance Toolkit\;C:\Program Files (x86)\Windows Kits\10\Windows Performance Toolkit\;C:\Program Files\Microsoft SQL Server\Client SDK\ODBC\110\Tools\Binn\;C:\Program Files (x86)\Microsoft SQL Server\120\Tools\Binn\;C:\Program Files\Microsoft SQL Server\120\Tools\Binn\;C:\Program Files\Microsoft SQL Server\120\DTS\Binn\;C:\Program Files\LLVM\bin;C:\Program Files (x86)\NVIDIA Corporation\PhysX\Common;C:\Program Files\nodejs\;C:\ProgramData\chocolatey\bin;C:\Program Files\Microchip\xc8\v2.31\bin;C:\Program Files (x86)\IncrediBuild;C:\Program Files\Microsoft SQL Server\150\Tools\Binn\;C:\Program Files\Microsoft SQL Server\Client SDK\ODBC\170\Tools\Binn\;C:\Program Files\Calibre2\;C;C:\Program Files\MySQL\MySQL Shell 8.0\bin\;C:\Users\sjoerd\.cargo\bin;C:\Users\sjoerd\AppData\Local\Programs\Python\Python310\Scripts\;C:\Users\sjoerd\AppData\Local\Programs\Python\Python310\;C:\Program Files (x86)\GNU Arm Embedded Toolchain\10 2021.10\bin;C:\Users\sjoerd\Documents\vlang\.bin;C:\Users\sjoerd\AppData\Local\Programs\Python\Python310\Scripts;C:\Users\sjoerd\AppData\Local\Programs\Python\Python310;C:\Users\sjoerd\AppData\Local\Microsoft\WindowsApps;C:\Users\sjoerd\AppData\Local\Programs\Microsoft VS Code\bin;C:\Users\sjoerd\.dotnet\tools;C:\Users\sjoerd\AppData\Roaming\npm;c:\MinGW\bin\;c:\Users\sjoerd\Documents\flutter\bin\;C:\tools\neovim\Neovim\bin;C:\Users\sjoerd\AppData\Local\Programs\MiKTeX\miktex\bin\x64\;C:\Program Files\JetBrains\CLion 2022.1\bin;;c:\Users\sjoerd\.platformio\penv\Scripts\;;C:\Users\sjoerd\AppData\Local\Programs\Espanso;C:\Program Files\Lapce\;C:\Program Files (x86)\VMware\VMware Workstation\bin\;C:\Program Files\Common Files\Oracle\Java\javapath;c:\MinGW\bin\;C:\Program Files (x86)\Common Files\Oracle\Java\javapath;C:\WINDOWS\system32;C:\WINDOWS;C:\WINDOWS\System32\Wbem;C:\WINDOWS\System32\WindowsPowerShell\v1.0\;C:\WINDOWS\System32\OpenSSH\;C:\Program Files\Git\cmd;C:\Program Files\dotnet\;C:\Program Files\NVIDIA Corporation\NVIDIA NvDLISR;C:\Program Files (x86)\Windows Kits\8.1\Windows Performance Toolkit\;C:\Program Files (x86)\Windows Kits\10\Windows Performance Toolkit\;C:\Program Files\Microsoft SQL Server\Client SDK\ODBC\110\Tools\Binn\;C:\Program Files (x86)\Microsoft SQL Server\120\Tools\Binn\;C:\Program Files\Microsoft SQL Server\120\Tools\Binn\;C:\Program Files\Microsoft SQL Server\120\DTS\Binn\;C:\Program Files\LLVM\bin;C:\Program Files (x86)\NVIDIA Corporation\PhysX\Common;C:\Program Files\nodejs\;C:\ProgramData\chocolatey\bin;C:\Program Files\Microchip\xc8\v2.31\bin;C:\Program Files (x86)\IncrediBuild;C:\Program Files\Microsoft SQL Server\150\Tools\Binn\;C:\Program Files\Microsoft SQL Server\Client SDK\ODBC\170\Tools\Binn\;C:\Program Files\Calibre2\;C;C:\Program Files\MySQL\MySQL Shell 8.0\bin\;C:\Users\sjoerd\.cargo\bin;C:\Users\sjoerd\AppData\Local\Programs\Python\Python310\Scripts\;C:\Users\sjoerd\AppData\Local\Programs\Python\Python310\;C:\Program Files (x86)\GNU Arm Embedded Toolchain\10 2021.10\bin;C:\Users\sjoerd\Documents\vlang\.bin;C:\Users\sjoerd\AppData\Local\Programs\Python\Python310\Scripts;C:\Users\sjoerd\AppData\Local\Programs\Python\Python310;C:\Users\sjoerd\AppData\Local\Microsoft\WindowsApps;C:\Users\sjoerd\AppData\Local\Programs\Microsoft VS Code\bin;C:\Users\sjoerd\.dotnet\tools;C:\Users\sjoerd\AppData\Roaming\npm;c:\MinGW\bin\;c:\Users\sjoerd\Documents\flutter\bin\;C:\tools\neovim\Neovim\bin;C:\Users\sjoerd\AppData\Local\Programs\MiKTeX\miktex\bin\x64\;C:\Program Files\JetBrains\CLion 2022.1\bin;;c:\Users\sjoerd\.platformio\penv\Scripts\;;C:\Users\sjoerd\AppData\Local\Programs\Espanso
# default
MAKE = $(MAKE_COMMAND)
# default
MAKECMDGOALS := all
# environment
PATH = C:\Program Files\Lapce\;C:\Program Files (x86)\VMware\VMware Workstation\bin\;C:\Program Files\Common Files\Oracle\Java\javapath;c:\MinGW\bin\;C:\Program Files (x86)\Common Files\Oracle\Java\javapath;C:\WINDOWS\system32;C:\WINDOWS;C:\WINDOWS\System32\Wbem;C:\WINDOWS\System32\WindowsPowerShell\v1.0\;C:\WINDOWS\System32\OpenSSH\;C:\Program Files\Git\cmd;C:\Program Files\dotnet\;C:\Program Files\NVIDIA Corporation\NVIDIA NvDLISR;C:\Program Files (x86)\Windows Kits\8.1\Windows Performance Toolkit\;C:\Program Files (x86)\Windows Kits\10\Windows Performance Toolkit\;C:\Program Files\Microsoft SQL Server\Client SDK\ODBC\110\Tools\Binn\;C:\Program Files (x86)\Microsoft SQL Server\120\Tools\Binn\;C:\Program Files\Microsoft SQL Server\120\Tools\Binn\;C:\Program Files\Microsoft SQL Server\120\DTS\Binn\;C:\Program Files\LLVM\bin;C:\Program Files (x86)\NVIDIA Corporation\PhysX\Common;C:\Program Files\nodejs\;C:\ProgramData\chocolatey\bin;C:\Program Files\Microchip\xc8\v2.31\bin;C:\Program Files (x86)\IncrediBuild;C:\Program Files\Microsoft SQL Server\150\Tools\Binn\;C:\Program Files\Microsoft SQL Server\Client SDK\ODBC\170\Tools\Binn\;C:\Program Files\Calibre2\;C;C:\Program Files\MySQL\MySQL Shell 8.0\bin\;C:\Users\sjoerd\.cargo\bin;C:\Users\sjoerd\AppData\Local\Programs\Python\Python310\Scripts\;C:\Users\sjoerd\AppData\Local\Programs\Python\Python310\;C:\Program Files (x86)\GNU Arm Embedded Toolchain\10 2021.10\bin;C:\Users\sjoerd\Documents\vlang\.bin;C:\Users\sjoerd\AppData\Local\Programs\Python\Python310\Scripts;C:\Users\sjoerd\AppData\Local\Programs\Python\Python310;%USERPROFILE%\AppData\Local\Microsoft\WindowsApps;C:\Users\sjoerd\AppData\Local\Programs\Microsoft VS Code\bin;%USERPROFILE%\.dotnet\tools;C:\Users\sjoerd\AppData\Roaming\npm;c:\MinGW\bin\;c:\Users\sjoerd\Documents\flutter\bin\;C:\tools\neovim\Neovim\bin;C:\Users\sjoerd\AppData\Local\Programs\MiKTeX\miktex\bin\x64\;%CLion%;c:\Users\sjoerd\.platformio\penv\Scripts\;;C:\Users\sjoerd\AppData\Local\Programs\Espanso
# default
MAKE_VERSION := 3.80
# environment
PROGRAMFILES(X86) = C:\Program Files (x86)
# automatic
%D = $(patsubst %/,%,$(dir $%))
# environment
LOCALAPPDATA = C:\Users\sjoerd\AppData\Local
# environment
PSMODULEPATH = C:\Program Files\WindowsPowerShell\Modules;C:\WINDOWS\system32\WindowsPowerShell\v1.0\Modules;C:\Program Files (x86)\Microsoft SQL Server\120\Tools\PowerShell\Modules\
# default
MAKE_COMMAND := make.exe
# environment
PROCESSOR_ARCHITEW6432 = AMD64
# default
.VARIABLES := 
# automatic
*F = $(notdir $*)
# environment
PROCESSOR_IDENTIFIER = Intel64 Family 6 Model 158 Stepping 10, GenuineIntel
# environment
OS = Windows_NT
# environment
VSCODE_IPC_HOOK = \\.\pipe\7f4a6bdd9987eb43594e73acdecd0f99-1.67.2-main-sock
# environment
HOMEPATH = \Users\sjoerd
# environment
COMMONPROGRAMFILES(X86) = C:\Program Files (x86)\Common Files
# environment
PROMPT = $P$G
# environment
MFLAGS = -Rrqp
# automatic
*D = $(patsubst %/,%,$(dir $*))
# environment
SYSTEMROOT = C:\WINDOWS
# automatic
+D = $(patsubst %/,%,$(dir $+))
# automatic
+F = $(notdir $+)
# environment
APPDATA = C:\Users\sjoerd\AppData\Roaming
# environment
Path = C:\Program Files\Lapce\;C:\Program Files (x86)\VMware\VMware Workstation\bin\;C:\Program Files\Common Files\Oracle\Java\javapath;c:\MinGW\bin\;C:\Program Files (x86)\Common Files\Oracle\Java\javapath;C:\WINDOWS\system32;C:\WINDOWS;C:\WINDOWS\System32\Wbem;C:\WINDOWS\System32\WindowsPowerShell\v1.0\;C:\WINDOWS\System32\OpenSSH\;C:\Program Files\Git\cmd;C:\Program Files\dotnet\;C:\Program Files\NVIDIA Corporation\NVIDIA NvDLISR;C:\Program Files (x86)\Windows Kits\8.1\Windows Performance Toolkit\;C:\Program Files (x86)\Windows Kits\10\Windows Performance Toolkit\;C:\Program Files\Microsoft SQL Server\Client SDK\ODBC\110\Tools\Binn\;C:\Program Files (x86)\Microsoft SQL Server\120\Tools\Binn\;C:\Program Files\Microsoft SQL Server\120\Tools\Binn\;C:\Program Files\Microsoft SQL Server\120\DTS\Binn\;C:\Program Files\LLVM\bin;C:\Program Files (x86)\NVIDIA Corporation\PhysX\Common;C:\Program Files\nodejs\;C:\ProgramData\chocolatey\bin;C:\Program Files\Microchip\xc8\v2.31\bin;C:\Program Files (x86)\IncrediBuild;C:\Program Files\Microsoft SQL Server\150\Tools\Binn\;C:\Program Files\Microsoft SQL Server\Client SDK\ODBC\170\Tools\Binn\;C:\Program Files\Calibre2\;C;C:\Program Files\MySQL\MySQL Shell 8.0\bin\;C:\Users\sjoerd\.cargo\bin;C:\Users\sjoerd\AppData\Local\Programs\Python\Python310\Scripts\;C:\Users\sjoerd\AppData\Local\Programs\Python\Python310\;C:\Program Files (x86)\GNU Arm Embedded Toolchain\10 2021.10\bin;C:\Users\sjoerd\Documents\vlang\.bin;C:\Users\sjoerd\AppData\Local\Programs\Python\Python310\Scripts;C:\Users\sjoerd\AppData\Local\Programs\Python\Python310;%USERPROFILE%\AppData\Local\Microsoft\WindowsApps;C:\Users\sjoerd\AppData\Local\Programs\Microsoft VS Code\bin;%USERPROFILE%\.dotnet\tools;C:\Users\sjoerd\AppData\Roaming\npm;c:\MinGW\bin\;c:\Users\sjoerd\Documents\flutter\bin\;C:\tools\neovim\Neovim\bin;C:\Users\sjoerd\AppData\Local\Programs\MiKTeX\miktex\bin\x64\;%CLion%;c:\Users\sjoerd\.platformio\penv\Scripts\;;C:\Users\sjoerd\AppData\Local\Programs\Espanso
# environment
TEMP = C:\Users\sjoerd\AppData\Local\Temp
# environment
COMSPEC = C:\WINDOWS\system32\cmd.exe
# default
MAKEFILES := 
# automatic
<F = $(notdir $<)
# environment
PLATFORMIO_CALLER = vscode
# environment
CLINK_DIR = C:\Program Files (x86)\clink
# environment
LC_ALL = C
# environment
SW_SIM_TEMP = C:\ProgramData\SOLIDWORKS\SW_net_sim_temp\
# automatic
^F = $(notdir $^)
# default
SUFFIXES := 
# environment
SYSTEMDRIVE = C:
# environment
SESSIONNAME = Console
# environment
PROCESSOR_REVISION = 9e0a
# environment
SW_SIM_MPIT = INTELMPI
# environment
MAKELEVEL := 0
# environment
LANG = C
# environment
PROCESSOR_LEVEL = 6
# environment
FPS_BROWSER_APP_PROFILE_STRING = Internet Explorer
# environment
VSCODE_PID = 24708
# environment
USERDOMAIN_ROAMINGPROFILE = MAAKHUIS
# variable set hash-table stats:
# Load=103/1024=10%, Rehash=0, Collisions=10/123=8%

# Directories

# : could not be stat'd.
# %USERPROFILE%\AppData\Local\Microsoft\WindowsApps: could not be stat'd.
# C:\Users\sjoerd\AppData\Local\Programs\Espanso (key C:/Users/sjoerd/AppData/Local/Programs/Espanso, mtime 1653935878): 16 files, no impossibilities.
# C:\Program Files\Common Files\Oracle\Java\javapath (key C:/Program Files/Common Files/Oracle/Java/javapath, mtime 1647004177): 6 files, no impossibilities.
# %CLion%: could not be stat'd.
# C:\Program Files\LLVM\bin (key C:/Program Files/LLVM/bin, mtime 1642349668): 118 files, no impossibilities.
# c:\Users\sjoerd\.platformio\penv\Scripts\ (key c:/Users/sjoerd/.platformio/penv/Scripts/, mtime 1654153898): 24 files, no impossibilities.
# C:\Program Files\Microsoft SQL Server\150\Tools\Binn\ (key C:/Program Files/Microsoft SQL Server/150/Tools/Binn/, mtime 1647259895): 4 files, no impossibilities.
# C:\WINDOWS\System32\WindowsPowerShell\v1.0\ (key C:/WINDOWS/System32/WindowsPowerShell/v1.0/, mtime 1640425947): 30 files, no impossibilities.
# C:\WINDOWS\System32\Wbem (key C:/WINDOWS/System32/Wbem, mtime 1652388275): 171 files, no impossibilities.
# . (key c:/Users/sjoerd/Documents/platformio/Projects/ledstrip, mtime 1650570717): 18 files, no impossibilities.
# C:\Program Files (x86)\Windows Kits\8.1\Windows Performance Toolkit\ (key C:/Program Files (x86)/Windows Kits/8.1/Windows Performance Toolkit/, mtime 1640433595): 73 files, no impossibilities.
# C:\Program Files\Microchip\xc8\v2.31\bin (key C:/Program Files/Microchip/xc8/v2.31/bin, mtime 1646656444): 11 files, no impossibilities.
# C:\Program Files\Calibre2\ (key C:/Program Files/Calibre2/, mtime 1648208395): 24 files, no impossibilities.
# C:\Program Files\nodejs\ (key C:/Program Files/nodejs/, mtime 1643190829): 13 files, no impossibilities.
# C:\Program Files (x86)\NVIDIA Corporation\PhysX\Common (key C:/Program Files (x86)/NVIDIA Corporation/PhysX/Common, mtime 1654975515): 12 files, no impossibilities.
# C:\Program Files (x86)\Microsoft SQL Server\120\Tools\Binn\ (key C:/Program Files (x86)/Microsoft SQL Server/120/Tools/Binn/, mtime 1642070482): 12 files, no impossibilities.
# C:\Users\sjoerd\Documents\vlang\.bin (key C:/Users/sjoerd/Documents/vlang/.bin, mtime 1643184940): 3 files, no impossibilities.
# C:\Users\sjoerd\AppData\Local\Programs\Python\Python310 (key C:/Users/sjoerd/AppData/Local/Programs/Python/Python310, mtime 1648232153): 19 files, no impossibilities.
# C:\Program Files\Microsoft SQL Server\120\DTS\Binn\ (key C:/Program Files/Microsoft SQL Server/120/DTS/Binn/, mtime 1642070524): 38 files, no impossibilities.
# C:\ProgramData\chocolatey\bin (key C:/ProgramData/chocolatey/bin, mtime 1649885134): 16 files, no impossibilities.
# c:\MinGW\bin\ (key c:/MinGW/bin/, mtime 1651432237): 83 files, no impossibilities.
# C:\Program Files\dotnet\ (key C:/Program Files/dotnet/, mtime 1654757878): 13 files, no impossibilities.
# C:\Program Files\MySQL\MySQL Shell 8.0\bin\ (key C:/Program Files/MySQL/MySQL Shell 8.0/bin/, mtime 1646862858): 9 files, no impossibilities.
# C: could no 
t be stat'd.
# C:\Users\sjoerd\AppData\Local\Programs\Python\Python310\ (key C:/Users/sjoerd/AppData/Local/Programs/Python/Python310/, mtime 1648232153): 19 files, no impossibilities.
# C:\Users\sjoerd\AppData\Local\Programs\Python\Python310\Scripts\ (key C:/Users/sjoerd/AppData/Local/Programs/Python/Python310/Scripts/, mtime 1652696663): 10 files, no impossibilities.
# C:\Program Files (x86)\VMware\VMware Workstation\bin\ (key C:/Program Files (x86)/VMware/VMware Workstation/bin/, mtime 1650482994): 4 files, no impossibilities.
# C:\Program Files\Microsoft SQL Server\Client SDK\ODBC\110\Tools\Binn\ (key C:/Program Files/Microsoft SQL Server/Client SDK/ODBC/110/Tools/Binn/, mtime 1642070524): 6 files, no impossibilities.
# C:\WINDOWS\System32\OpenSSH\: could not be stat'd.
# C:\Program Files (x86)\Common Files\Oracle\Java\javapath (key C:/Program Files (x86)/Common Files/Oracle/Java/javapath, mtime 1643230157): 5 files, no impossibilities.
# C:\Users\sjoerd\AppData\Local\Programs\Microsoft VS Code\bin (key C:/Users/sjoerd/AppData/Local/Programs/Microsoft VS Code/bin, mtime 1653040260): 4 files, no impossibilities.
# C:\Users\sjoerd\AppData\Local\Programs\Python\Python310\Scripts (key C:/Users/sjoerd/AppData/Local/Programs/Python/Python310/Scripts, mtime 1652696663): 10 files, no impossibilities.
# C:\WINDOWS (key C:/WINDOWS, mtime 1648558971): 122 files, no impossibilities.
# C:\Users\sjoerd\AppData\Roaming\npm (key C:/Users/sjoerd/AppData/Roaming/npm, mtime 1652896816): 18 files, no impossibilities.
# C:\Program Files (x86)\GNU Arm Embedded Toolchain\10 2021.10\bin (key C:/Program Files (x86)/GNU Arm Embedded Toolchain/10 2021.10/bin, mtime 1644092769): 35 files, no impossibilities.
# C:\Program Files\Microsoft SQL Server\Client SDK\ODBC\170\Tools\Binn\ (key C:/Program Files/Microsoft SQL Server/Client SDK/ODBC/170/Tools/Binn/, mtime 1647259899): 7 files, no impossibilities.
# C:\Program Files\Lapce\ (key C:/Program Files/Lapce/, mtime 1653937992): 3 files, no impossibilities.
# C:\Users\sjoerd\AppData\Local\Programs\MiKTeX\miktex\bin\x64\ (key C:/Users/sjoerd/AppData/Local/Programs/MiKTeX/miktex/bin/x64/, mtime 1649150970): 732 files, no impossibilities.
# C:\Users\sjoerd\.cargo\bin (key C:/Users/sjoerd/.cargo/bin, mtime 1646759796): 14 files, no impossibilities.
# C:\Program Files (x86)\Windows Kits\10\Windows Performance Toolkit\ (key C:/Program Files (x86)/Windows Kits/10/Windows Performance Toolkit/, mtime 1641833506): 403 files, no impossibilities.
# %USERPROFILE%\.dotnet\tools: could not be stat'd.
# C:\Program Files\Microsoft SQL Server\120\Tools\Binn\ (key C:/Program Files/Microsoft SQL Server/120/Tools/Binn/, mtime 1642070482): 14 files, no impossibilities.
# c:\Users\sjoerd\Documents\flutter\bin\ (key c:/Users/sjoerd/Documents/flutter/bin/, mtime 1634144508): 9 files, no impossibilities.
# C:\Program Files\Git\cmd (key C:/Program Files/Git/cmd, mtime 1640429577): 8 files, no impossibilities.
# C:\WINDOWS\system32 (key C:/WINDOWS/system32, mtime 1655024625): 3229 files, no impossibilities.
# C:\Program Files (x86)\IncrediBuild (key C:/Program Files (x86)/IncrediBuild, mtime 1646766350): 122 files, no impossibilities.
# C:\Program Files\NVIDIA Corporation\NVIDIA NvDLISR (key C:/Program Files/NVIDIA Corporation/NVIDIA NvDLISR, mtime 1640430209): 5 files, no impossibilities.
# C:\tools\neovim\Neovim\bin (key C:/tools/neovim/Neovim/bin, mtime 1640974985): 33 files, no impossibilities.

# 5525 files, no impossibilities in 49 directories.

# Implicit Rules

# No implicit rules.

# Pattern-specific variable values

# No pattern-specific variable values.

# Files

uploadfs:
#  Implicit rule search has not been done.
#  Modification time never checked.
#  File has not been updated.
#  commands to execute (from `makefile', line 16):
	${pio} -f -c vim run --target uploadfs
	

program:
#  Implicit rule search has not been done.
#  Modification time never checked.
#  File has not been updated.
#  commands to execute (from `makefile', line 13):
	${pio} -f -c vim run --target program
	

all:
#  Command-line target.
#  Implicit rule search has not been done.
#  Implicit/static pattern stem: `'
#  File does not exist.
#  File has been updated.
#  Needs to be updated (-q is set).
# automatic
# @ := all
# automatic
# % := 
# automatic
# * := 
# automatic
# + := 
# automatic
# | := 
# automatic
# < := 
# automatic
# ^ := 
# automatic
# ? := 
# variable set hash-table stats:
# Load=8/32=25%, Rehash=0, Collisions=1/11=9%
#  commands to execute (from `makefile', line 4):
	${pio} -f -c vim run
	

# Not a target:
.DEFAULT:
#  Implicit rule search has not been done.
#  Modification time never checked.
#  File has not been updated.

update:
#  Implicit rule search has not been done.
#  Modification time never checked.
#  File has not been updated.
#  commands to execute (from `makefile', line 19):
	${pio} -f -c vim update
	

# Not a target:
makefile:
#  Implicit rule search has been done.
#  Last modified 2022-04-21 21:51:57
#  File has been updated.
#  Successfully updated.

# Not a target:
.SUFFIXES:
#  Implicit rule search has not been done.
#  Modification time never checked.
#  File has not been updated.

clean:
#  Implicit rule search has not been done.
#  Modification time never checked.
#  File has not been updated.
#  commands to execute (from `makefile', line 10):
	${pio} -f -c vim run --target clean
	

upload:
#  Implicit rule search has not been done.
#  Modification time never checked.
#  File has not been updated.
#  commands to execute (from `makefile', line 7):
	${pio} -f -c vim run --target upload
	

# files hash-table stats:
# Load=9/1024=1%, Rehash=0, Collisions=0/22=0%
# VPATH Search Paths

# No `vpath' search paths.

# No general (`VPATH' variable) search path.

# Finished Make data base on Mon Jun 13 08:35:17 2022

 
